
*** Running vivado
    with args -log floating_point_0.vds -m64 -product Vivado -mode batch -messageDb vivado.pb -notrace -source floating_point_0.tcl

awk: symbol lookup error: awk: undefined symbol: mpfr_z_sub

****** Vivado v2016.4 (64-bit)
  **** SW Build 1756540 on Mon Jan 23 19:11:19 MST 2017
  **** IP Build 1755317 on Mon Jan 23 20:30:07 MST 2017
    ** Copyright 1986-2016 Xilinx, Inc. All Rights Reserved.

source floating_point_0.tcl -notrace
awk: symbol lookup error: awk: undefined symbol: mpfr_z_sub
Starting RTL Elaboration : Time (s): cpu = 00:00:06 ; elapsed = 00:00:06 . Memory (MB): peak = 1081.355 ; gain = 148.086 ; free physical = 972 ; free virtual = 12354
INFO: [Synth 8-638] synthesizing module 'floating_point_0' [/csehome/cobaltblu27/HSD/project/verilog_project/verilog_project.srcs/sources_1/ip/floating_point_0/synth/floating_point_0.vhd:74]
INFO: [Synth 8-256] done synthesizing module 'floating_point_0' (35#1) [/csehome/cobaltblu27/HSD/project/verilog_project/verilog_project.srcs/sources_1/ip/floating_point_0/synth/floating_point_0.vhd:74]
Finished RTL Elaboration : Time (s): cpu = 00:00:10 ; elapsed = 00:00:10 . Memory (MB): peak = 1186.824 ; gain = 253.555 ; free physical = 846 ; free virtual = 12229
Finished RTL Optimization Phase 1 : Time (s): cpu = 00:00:10 ; elapsed = 00:00:10 . Memory (MB): peak = 1186.824 ; gain = 253.555 ; free physical = 846 ; free virtual = 12229
INFO: [Device 21-403] Loading part xc7z020clg484-1
Constraint Validation Runtime : Time (s): cpu = 00:00:00.05 ; elapsed = 00:00:00.03 . Memory (MB): peak = 1456.684 ; gain = 0.000 ; free physical = 699 ; free virtual = 12082
Finished Constraint Validation : Time (s): cpu = 00:00:18 ; elapsed = 00:00:18 . Memory (MB): peak = 1456.684 ; gain = 523.414 ; free physical = 690 ; free virtual = 12073
Finished Loading Part and Timing Information : Time (s): cpu = 00:00:18 ; elapsed = 00:00:18 . Memory (MB): peak = 1456.684 ; gain = 523.414 ; free physical = 690 ; free virtual = 12073
Finished applying 'set_property' XDC Constraints : Time (s): cpu = 00:00:18 ; elapsed = 00:00:18 . Memory (MB): peak = 1456.684 ; gain = 523.414 ; free physical = 690 ; free virtual = 12073
Finished RTL Optimization Phase 2 : Time (s): cpu = 00:00:20 ; elapsed = 00:00:20 . Memory (MB): peak = 1456.684 ; gain = 523.414 ; free physical = 674 ; free virtual = 12057
Finished Cross Boundary and Area Optimization : Time (s): cpu = 00:00:22 ; elapsed = 00:00:22 . Memory (MB): peak = 1456.684 ; gain = 523.414 ; free physical = 665 ; free virtual = 12048
Finished Applying XDC Timing Constraints : Time (s): cpu = 00:00:29 ; elapsed = 00:00:29 . Memory (MB): peak = 1485.684 ; gain = 552.414 ; free physical = 601 ; free virtual = 11984
Finished Timing Optimization : Time (s): cpu = 00:00:29 ; elapsed = 00:00:30 . Memory (MB): peak = 1487.684 ; gain = 554.414 ; free physical = 599 ; free virtual = 11982
Finished Technology Mapping : Time (s): cpu = 00:00:30 ; elapsed = 00:00:30 . Memory (MB): peak = 1516.730 ; gain = 583.461 ; free physical = 571 ; free virtual = 11954
Finished IO Insertion : Time (s): cpu = 00:00:30 ; elapsed = 00:00:30 . Memory (MB): peak = 1516.730 ; gain = 583.461 ; free physical = 571 ; free virtual = 11954
Finished Renaming Generated Instances : Time (s): cpu = 00:00:30 ; elapsed = 00:00:30 . Memory (MB): peak = 1516.730 ; gain = 583.461 ; free physical = 571 ; free virtual = 11954
Finished Rebuilding User Hierarchy : Time (s): cpu = 00:00:30 ; elapsed = 00:00:31 . Memory (MB): peak = 1516.730 ; gain = 583.461 ; free physical = 571 ; free virtual = 11954
Finished Renaming Generated Ports : Time (s): cpu = 00:00:30 ; elapsed = 00:00:31 . Memory (MB): peak = 1516.730 ; gain = 583.461 ; free physical = 571 ; free virtual = 11954
Finished Handling Custom Attributes : Time (s): cpu = 00:00:30 ; elapsed = 00:00:31 . Memory (MB): peak = 1516.730 ; gain = 583.461 ; free physical = 571 ; free virtual = 11954
Finished Renaming Generated Nets : Time (s): cpu = 00:00:30 ; elapsed = 00:00:31 . Memory (MB): peak = 1516.730 ; gain = 583.461 ; free physical = 571 ; free virtual = 11954

Report Cell Usage: 
+------+----------+------+
|      |Cell      |Count |
+------+----------+------+
|1     |CARRY4    |     7|
|2     |DSP48E1   |     1|
|3     |DSP48E1_1 |     1|
|4     |LUT1      |    11|
|5     |LUT2      |   113|
|6     |LUT3      |   143|
|7     |LUT4      |   159|
|8     |LUT5      |    96|
|9     |LUT6      |   281|
|10    |MUXCY     |   223|
|11    |MUXF7     |     9|
|12    |MUXF8     |     1|
|13    |SRL16E    |    73|
|14    |XORCY     |    96|
|15    |FDE       |    33|
|16    |FDRE      |  1066|
+------+----------+------+
Finished Writing Synthesis Report : Time (s): cpu = 00:00:30 ; elapsed = 00:00:31 . Memory (MB): peak = 1516.730 ; gain = 583.461 ; free physical = 571 ; free virtual = 11954
synth_design: Time (s): cpu = 00:00:30 ; elapsed = 00:00:30 . Memory (MB): peak = 1548.746 ; gain = 547.973 ; free physical = 572 ; free virtual = 11955
